app/build/outputs/logs/manifest-merger-debug-report.txt
-- Merging decision tree log ---
manifest
ADDED from src/main/AndroidManifest.xml:2:1-320:12
	package
		ADDED from src/main/AndroidManifest.xml:4:5-34
		INJECTED from src/main/AndroidManifest.xml
		INJECTED from src/main/AndroidManifest.xml
	android:versionName
		INJECTED from src/main/AndroidManifest.xml
		INJECTED from src/main/AndroidManifest.xml
	xmlns:tools
		ADDED from src/main/AndroidManifest.xml:3:5-51
	xmlns:android
		ADDED from src/main/AndroidManifest.xml:2:11-69
	android:versionCode
		INJECTED from src/main/AndroidManifest.xml
		INJECTED from src/main/AndroidManifest.xml
uses-permission#android.permission.INTERNET
ADDED from src/main/AndroidManifest.xml:6:5-67
MERGED from [com.firebaseui:firebase-ui:0.5.3] AndroidManifest.xml:11:5-67
MERGED from [com.firebaseui:firebase-ui-database:0.5.3] AndroidManifest.xml:11:5-67
MERGED from [com.google.firebase:firebase-crash:9.4.0] AndroidManifest.xml:20:5-66
MERGED from [com.daimajia.slider:library:1.1.5] AndroidManifest.xml:11:5-67
MERGED from [com.google.firebase:firebase-analytics:9.4.0] AndroidManifest.xml:21:5-67
MERGED from [com.google.firebase:firebase-analytics-impl:9.4.0] AndroidManifest.xml:21:5-67
MERGED from [com.google.firebase:firebase-iid:9.4.0] AndroidManifest.xml:21:5-67
	android:name
		ADDED from src/main/AndroidManifest.xml:6:22-64
uses-permission#android.permission.BLUETOOTH_ADMIN
ADDED from src/main/AndroidManifest.xml:7:5-74
MERGED from [me.aflak.libraries:bluetooth:1.2.4] AndroidManifest.xml:12:5-74
	android:name
		ADDED from src/main/AndroidManifest.xml:7:22-71
uses-permission#android.permission.BLUETOOTH
ADDED from src/main/AndroidManifest.xml:8:5-68
MERGED from [me.aflak.libraries:bluetooth:1.2.4] AndroidManifest.xml:11:5-68
	android:name
		ADDED from src/main/AndroidManifest.xml:8:22-65
uses-permission#android.permission.ACCESS_COARSE_LOCATION
ADDED from src/main/AndroidManifest.xml:9:5-81
	android:name
		ADDED from src/main/AndroidManifest.xml:9:22-78
uses-permission#android.permission.ACCESS_FINE_LOCATION
ADDED from src/main/AndroidManifest.xml:10:5-79
	android:name
		ADDED from src/main/AndroidManifest.xml:10:22-76
uses-permission#android.permission.READ_EXTERNAL_STORAGE
ADDED from src/main/AndroidManifest.xml:11:5-80
	android:name
		ADDED from src/main/AndroidManifest.xml:11:22-77
application
ADDED from src/main/AndroidManifest.xml:13:5-318:19
MERGED from [com.google.firebase:firebase-messaging:9.4.0] AndroidManifest.xml:20:5-32:19
MERGED from [com.firebaseui:firebase-ui-auth:0.5.3] AndroidManifest.xml:12:5-83:19
MERGED from [com.facebook.android:facebook-android-sdk:4.14.1] AndroidManifest.xml:28:5-37:19
MERGED from [com.android.support:customtabs:23.4.0] AndroidManifest.xml:22:5-20
MERGED from [com.android.support:cardview-v7:23.4.0] AndroidManifest.xml:22:5-20
MERGED from [com.google.firebase:firebase-auth:9.4.0] AndroidManifest.xml:20:5-21:19
MERGED from [com.google.firebase:firebase-auth-common:9.4.0] AndroidManifest.xml:20:5-21:19
MERGED from [com.google.android.gms:play-services-auth:9.4.0] AndroidManifest.xml:20:5-32:19
MERGED from [me.wangyuwei:ParticleView:1.0.3] AndroidManifest.xml:12:5-20
MERGED from [com.github.aakira:expandable-layout:1.4.2] AndroidManifest.xml:12:5-20
MERGED from [com.github.devlight.navigationtabbar:navigationtabbar:1.2.5] AndroidManifest.xml:23:5-27:19
MERGED from [com.github.nicolasjafelle:expandableview:1.0] AndroidManifest.xml:11:5-14:19
MERGED from [cn.fanrunqi:waveprogress:1.0.1] AndroidManifest.xml:11:5-15:19
MERGED from [me.wangyuwei:LoadingiVew:1.0.5] AndroidManifest.xml:12:5-20
MERGED from [com.numetriclabz.numandroidcharts:numandroidcharts:1.0.12] AndroidManifest.xml:11:5-15:19
MERGED from [pl.pawelkleczkowski.customgauge:CustomGauge:1.0.3] AndroidManifest.xml:11:5-15:19
MERGED from [com.github.rubensousa:FloatingToolbar:1.1.1] AndroidManifest.xml:11:5-13:38
MERGED from [com.android.support:design:24.2.0] AndroidManifest.xml:22:5-20
MERGED from [com.toptoche.searchablespinner:searchablespinnerlibrary:1.3.1] AndroidManifest.xml:11:5-15:19
MERGED from [com.getbase:floatingactionbutton:1.10.1] AndroidManifest.xml:12:5-20
MERGED from [cn.pedant.sweetalert:library:1.3] AndroidManifest.xml:11:5-20
MERGED from [com.pnikosis:materialish-progress:1.0] AndroidManifest.xml:11:5-15:19
MERGED from [com.github.traex.expandablelayout:library:1.2.2] AndroidManifest.xml:11:5-15:19
MERGED from [com.google.firebase:firebase-crash:9.4.0] AndroidManifest.xml:24:5-32:19
MERGED from [com.google.android.gms:play-services-base:9.4.0] AndroidManifest.xml:19:5-23:19
MERGED from [com.p_v:flexiblecalendar:1.2.1] AndroidManifest.xml:11:5-14:19
MERGED from [com.github.markushi:circlebutton:1.1] AndroidManifest.xml:9:5-20
MERGED from [com.github.dmytrodanylyk.shadow-layout:library:1.0.1] AndroidManifest.xml:12:5-20
MERGED from [me.aflak.libraries:bluetooth:1.2.4] AndroidManifest.xml:14:5-18:19
MERGED from [com.github.mancj:SlideUp-Android:1.0-beta] AndroidManifest.xml:11:5-15:19
MERGED from [com.android.support:appcompat-v7:25.1.0] AndroidManifest.xml:25:5-20
MERGED from [com.android.support:animated-vector-drawable:25.1.0] AndroidManifest.xml:22:5-20
MERGED from [com.android.support:support-vector-drawable:25.1.0] AndroidManifest.xml:23:5-20
MERGED from [com.android.volley:volley:1.0.0] AndroidManifest.xml:9:5-20
MERGED from [com.google.firebase:firebase-core:9.4.0] AndroidManifest.xml:5:5-20
MERGED from [com.google.firebase:firebase-analytics:9.4.0] AndroidManifest.xml:26:5-41:19
MERGED from [com.google.firebase:firebase-analytics-impl:9.4.0] AndroidManifest.xml:26:5-41:19
MERGED from [com.google.firebase:firebase-iid:9.4.0] AndroidManifest.xml:30:5-59:19
MERGED from [com.google.firebase:firebase-common:9.4.0] AndroidManifest.xml:5:5-12:19
MERGED from [com.google.android.gms:play-services-tasks:9.4.0] AndroidManifest.xml:5:5-20
MERGED from [com.google.android.gms:play-services-basement:9.4.0] AndroidManifest.xml:20:5-24:19
MERGED from [com.android.support:support-v4:25.1.0] AndroidManifest.xml:25:5-20
MERGED from [com.android.support:support-fragment:25.1.0] AndroidManifest.xml:25:5-20
MERGED from [com.android.support:support-media-compat:25.1.0] AndroidManifest.xml:25:5-20
MERGED from [com.android.support:support-core-ui:25.1.0] AndroidManifest.xml:25:5-20
MERGED from [com.android.support:support-core-utils:25.1.0] AndroidManifest.xml:25:5-20
MERGED from [com.android.support:support-compat:25.1.0] AndroidManifest.xml:25:5-20
	android:label
		ADDED from src/main/AndroidManifest.xml:17:9-41
	android:supportsRtl
		ADDED from src/main/AndroidManifest.xml:18:9-35
	android:allowBackup
		ADDED from src/main/AndroidManifest.xml:15:9-35
	android:icon
		ADDED from src/main/AndroidManifest.xml:16:9-43
		REJECTED from [com.pnikosis:materialish-progress:1.0] AndroidManifest.xml:13:9-45
		REJECTED from [com.github.traex.expandablelayout:library:1.2.2] AndroidManifest.xml:13:9-45
	android:theme
		ADDED from src/main/AndroidManifest.xml:19:9-40
	tools:replace
		ADDED from src/main/AndroidManifest.xml:20:9-51
	android:name
		ADDED from src/main/AndroidManifest.xml:14:9-50
activity#com.fintech.ternaku.TernakPerah.LoginAndRegister.LoginActivity
ADDED from src/main/AndroidManifest.xml:21:9-30:20
	android:label
		ADDED from src/main/AndroidManifest.xml:23:13-45
	android:windowSoftInputMode
		ADDED from src/main/AndroidManifest.xml:24:13-67
	android:name
		ADDED from src/main/AndroidManifest.xml:22:13-71
intent-filter#android.intent.action.MAIN+android.intent.category.LAUNCHER
ADDED from src/main/AndroidManifest.xml:25:13-29:29
action#android.intent.action.MAIN
ADDED from src/main/AndroidManifest.xml:26:17-69
	android:name
		ADDED from src/main/AndroidManifest.xml:26:25-66
category#android.intent.category.LAUNCHER
ADDED from src/main/AndroidManifest.xml:28:17-77
	android:name
		ADDED from src/main/AndroidManifest.xml:28:27-74
activity#com.fintech.ternaku.TernakPerah.LoginAndRegister.RegisterActivity
ADDED from src/main/AndroidManifest.xml:31:9-35:70
	android:label
		ADDED from src/main/AndroidManifest.xml:33:13-60
	android:windowSoftInputMode
		ADDED from src/main/AndroidManifest.xml:35:13-67
	android:theme
		ADDED from src/main/AndroidManifest.xml:34:13-56
	android:name
		ADDED from src/main/AndroidManifest.xml:32:13-74
activity#com.fintech.ternaku.TernakPerah.Main.MainActivity
ADDED from src/main/AndroidManifest.xml:36:9-40:70
	android:label
		ADDED from src/main/AndroidManifest.xml:38:13-36
	android:windowSoftInputMode
		ADDED from src/main/AndroidManifest.xml:40:13-67
	android:theme
		ADDED from src/main/AndroidManifest.xml:39:13-56
	android:name
		ADDED from src/main/AndroidManifest.xml:37:13-58
activity#com.fintech.ternaku.TernakPerah.Main.TambahData.Produksi.UpdateWeightActivity
ADDED from src/main/AndroidManifest.xml:41:9-45:70
	android:label
		ADDED from src/main/AndroidManifest.xml:43:13-65
	android:windowSoftInputMode
		ADDED from src/main/AndroidManifest.xml:45:13-67
	android:theme
		ADDED from src/main/AndroidManifest.xml:44:13-56
	android:name
		ADDED from src/main/AndroidManifest.xml:42:13-86
activity#com.fintech.ternaku.TernakPerah.DetailTernak.DetailTernakMain
ADDED from src/main/AndroidManifest.xml:46:9-50:70
	android:label
		ADDED from src/main/AndroidManifest.xml:48:13-70
	android:windowSoftInputMode
		ADDED from src/main/AndroidManifest.xml:50:13-67
	android:theme
		ADDED from src/main/AndroidManifest.xml:49:13-56
	android:name
		ADDED from src/main/AndroidManifest.xml:47:13-70
activity#com.fintech.ternaku.TernakPerah.ListDetailTernak.ListDetailTernakMain
ADDED from src/main/AndroidManifest.xml:51:9-55:70
	android:label
		ADDED from src/main/AndroidManifest.xml:53:13-75
	android:windowSoftInputMode
		ADDED from src/main/AndroidManifest.xml:55:13-67
	android:theme
		ADDED from src/main/AndroidManifest.xml:54:13-56
	android:name
		ADDED from src/main/AndroidManifest.xml:52:13-78
activity#com.fintech.ternaku.TernakPerah.Main.NavBar.Pakan.AddPakanTernak
ADDED from src/main/AndroidManifest.xml:56:9-60:70
	android:label
		ADDED from src/main/AndroidManifest.xml:58:13-68
	android:windowSoftInputMode
		ADDED from src/main/AndroidManifest.xml:60:13-67
	android:theme
		ADDED from src/main/AndroidManifest.xml:59:13-56
	android:name
		ADDED from src/main/AndroidManifest.xml:57:13-73
activity#com.fintech.ternaku.TernakPerah.Main.NavBar.Keuangan.AddKeuangan
ADDED from src/main/AndroidManifest.xml:61:9-65:70
	android:label
		ADDED from src/main/AndroidManifest.xml:63:13-64
	android:windowSoftInputMode
		ADDED from src/main/AndroidManifest.xml:65:13-67
	android:theme
		ADDED from src/main/AndroidManifest.xml:64:13-56
	android:name
		ADDED from src/main/AndroidManifest.xml:62:13-73
activity#com.fintech.ternaku.TernakPerah.Main.NavBar.BatasProduksiSusu.AddBatasProduksi
ADDED from src/main/AndroidManifest.xml:66:9-70:70
	android:label
		ADDED from src/main/AndroidManifest.xml:68:13-70
	android:windowSoftInputMode
		ADDED from src/main/AndroidManifest.xml:70:13-67
	android:theme
		ADDED from src/main/AndroidManifest.xml:69:13-56
	android:name
		ADDED from src/main/AndroidManifest.xml:67:13-87
activity#com.fintech.ternaku.TernakPerah.Main.Laporan.PenggunaanPakan.LaporanPenggunaanPakan
ADDED from src/main/AndroidManifest.xml:71:9-75:70
	android:label
		ADDED from src/main/AndroidManifest.xml:73:13-76
	android:windowSoftInputMode
		ADDED from src/main/AndroidManifest.xml:75:13-67
	android:theme
		ADDED from src/main/AndroidManifest.xml:74:13-56
	android:name
		ADDED from src/main/AndroidManifest.xml:72:13-92
activity#com.fintech.ternaku.TernakPerah.Main.Laporan.ProduksiSusu.LaporanProduksiSusuGrafik
ADDED from src/main/AndroidManifest.xml:76:9-80:70
	android:label
		ADDED from src/main/AndroidManifest.xml:78:13-80
	android:windowSoftInputMode
		ADDED from src/main/AndroidManifest.xml:80:13-67
	android:theme
		ADDED from src/main/AndroidManifest.xml:79:13-56
	android:name
		ADDED from src/main/AndroidManifest.xml:77:13-92
activity#com.fintech.ternaku.TernakPerah.Main.TambahData.PindahTernak.PindahTernak
ADDED from src/main/AndroidManifest.xml:81:9-85:70
	android:label
		ADDED from src/main/AndroidManifest.xml:83:13-65
	android:windowSoftInputMode
		ADDED from src/main/AndroidManifest.xml:85:13-67
	android:theme
		ADDED from src/main/AndroidManifest.xml:84:13-56
	android:name
		ADDED from src/main/AndroidManifest.xml:82:13-82
activity#com.fintech.ternaku.TernakPerah.Main.TambahData.Kesuburan.AddMengandung
ADDED from src/main/AndroidManifest.xml:86:9-90:70
	android:label
		ADDED from src/main/AndroidManifest.xml:88:13-66
	android:windowSoftInputMode
		ADDED from src/main/AndroidManifest.xml:90:13-67
	android:theme
		ADDED from src/main/AndroidManifest.xml:89:13-56
	android:name
		ADDED from src/main/AndroidManifest.xml:87:13-80
activity#com.fintech.ternaku.TernakPerah.Main.TambahData.Kesuburan.AddInseminasi
ADDED from src/main/AndroidManifest.xml:91:9-95:70
	android:label
		ADDED from src/main/AndroidManifest.xml:93:13-66
	android:windowSoftInputMode
		ADDED from src/main/AndroidManifest.xml:95:13-67
	android:theme
		ADDED from src/main/AndroidManifest.xml:94:13-56
	android:name
		ADDED from src/main/AndroidManifest.xml:92:13-80
activity#com.fintech.ternaku.TernakPerah.Main.TambahData.Kesuburan.AddPemeriksaanReproduksi
ADDED from src/main/AndroidManifest.xml:96:9-100:70
	android:label
		ADDED from src/main/AndroidManifest.xml:98:13-73
	android:windowSoftInputMode
		ADDED from src/main/AndroidManifest.xml:100:13-67
	android:theme
		ADDED from src/main/AndroidManifest.xml:99:13-56
	android:name
		ADDED from src/main/AndroidManifest.xml:97:13-91
activity#com.fintech.ternaku.TernakPerah.Main.TambahData.Kesuburan.AddMasaSubur
ADDED from src/main/AndroidManifest.xml:101:9-105:70
	android:label
		ADDED from src/main/AndroidManifest.xml:103:13-66
	android:windowSoftInputMode
		ADDED from src/main/AndroidManifest.xml:105:13-67
	android:theme
		ADDED from src/main/AndroidManifest.xml:104:13-56
	android:name
		ADDED from src/main/AndroidManifest.xml:102:13-79
activity#com.fintech.ternaku.TernakPerah.Main.TambahData.Kesuburan.AddMelahirkan
ADDED from src/main/AndroidManifest.xml:106:9-110:70
	android:label
		ADDED from src/main/AndroidManifest.xml:108:13-66
	android:windowSoftInputMode
		ADDED from src/main/AndroidManifest.xml:110:13-67
	android:theme
		ADDED from src/main/AndroidManifest.xml:109:13-56
	android:name
		ADDED from src/main/AndroidManifest.xml:107:13-80
activity#com.fintech.ternaku.TernakPerah.Main.TambahData.Kesuburan.AddMenyusui
ADDED from src/main/AndroidManifest.xml:111:9-115:70
	android:label
		ADDED from src/main/AndroidManifest.xml:113:13-64
	android:windowSoftInputMode
		ADDED from src/main/AndroidManifest.xml:115:13-67
	android:theme
		ADDED from src/main/AndroidManifest.xml:114:13-56
	android:name
		ADDED from src/main/AndroidManifest.xml:112:13-78
activity#com.fintech.ternaku.TernakPerah.Main.TambahData.Produksi.UpdateCulling
ADDED from src/main/AndroidManifest.xml:116:9-120:70
	android:label
		ADDED from src/main/AndroidManifest.xml:118:13-66
	android:windowSoftInputMode
		ADDED from src/main/AndroidManifest.xml:120:13-67
	android:theme
		ADDED from src/main/AndroidManifest.xml:119:13-56
	android:name
		ADDED from src/main/AndroidManifest.xml:117:13-79
activity#com.fintech.ternaku.TernakPerah.Main.TambahData.Produksi.UpdateMasaKering
ADDED from src/main/AndroidManifest.xml:121:9-125:70
	android:label
		ADDED from src/main/AndroidManifest.xml:123:13-70
	android:windowSoftInputMode
		ADDED from src/main/AndroidManifest.xml:125:13-67
	android:theme
		ADDED from src/main/AndroidManifest.xml:124:13-56
	android:name
		ADDED from src/main/AndroidManifest.xml:122:13-82
activity#com.fintech.ternaku.TernakPerah.Main.TambahData.Kesehatan.AddVaksinasi
ADDED from src/main/AndroidManifest.xml:126:9-130:70
	android:label
		ADDED from src/main/AndroidManifest.xml:128:13-65
	android:windowSoftInputMode
		ADDED from src/main/AndroidManifest.xml:130:13-67
	android:theme
		ADDED from src/main/AndroidManifest.xml:129:13-56
	android:name
		ADDED from src/main/AndroidManifest.xml:127:13-79
activity#com.fintech.ternaku.TernakPerah.Main.TambahData.Kesehatan.AddKarantina
ADDED from src/main/AndroidManifest.xml:131:9-135:70
	android:label
		ADDED from src/main/AndroidManifest.xml:133:13-65
	android:windowSoftInputMode
		ADDED from src/main/AndroidManifest.xml:135:13-67
	android:theme
		ADDED from src/main/AndroidManifest.xml:134:13-56
	android:name
		ADDED from src/main/AndroidManifest.xml:132:13-79
activity#com.fintech.ternaku.TernakPerah.Main.TambahData.Kesehatan.AddCekPenyakit
ADDED from src/main/AndroidManifest.xml:136:9-140:70
	android:label
		ADDED from src/main/AndroidManifest.xml:138:13-68
	android:windowSoftInputMode
		ADDED from src/main/AndroidManifest.xml:140:13-67
	android:theme
		ADDED from src/main/AndroidManifest.xml:139:13-56
	android:name
		ADDED from src/main/AndroidManifest.xml:137:13-81
activity#com.fintech.ternaku.TernakPerah.Main.TambahData.Kesehatan.AddCekKesehatan
ADDED from src/main/AndroidManifest.xml:141:9-145:70
	android:label
		ADDED from src/main/AndroidManifest.xml:143:13-69
	android:windowSoftInputMode
		ADDED from src/main/AndroidManifest.xml:145:13-67
	android:theme
		ADDED from src/main/AndroidManifest.xml:144:13-56
	android:name
		ADDED from src/main/AndroidManifest.xml:142:13-82
activity#com.fintech.ternaku.TernakPerah.Main.TambahData.Kesuburan.InjeksiHormon.AddInjeksiHormon
ADDED from src/main/AndroidManifest.xml:146:9-150:70
	android:label
		ADDED from src/main/AndroidManifest.xml:148:13-70
	android:windowSoftInputMode
		ADDED from src/main/AndroidManifest.xml:150:13-67
	android:theme
		ADDED from src/main/AndroidManifest.xml:149:13-56
	android:name
		ADDED from src/main/AndroidManifest.xml:147:13-97
activity#com.fintech.ternaku.TernakPerah.Main.TambahData.Kesuburan.InjeksiHormon.ShowInjeksiHormon
ADDED from src/main/AndroidManifest.xml:151:9-155:70
	android:label
		ADDED from src/main/AndroidManifest.xml:153:13-71
	android:windowSoftInputMode
		ADDED from src/main/AndroidManifest.xml:155:13-67
	android:theme
		ADDED from src/main/AndroidManifest.xml:154:13-56
	android:name
		ADDED from src/main/AndroidManifest.xml:152:13-98
activity#com.fintech.ternaku.TernakPerah.Main.TambahData.Kesehatan.ProtocolKesehatan.ShowProtokolKesehatan
ADDED from src/main/AndroidManifest.xml:156:9-160:70
	android:label
		ADDED from src/main/AndroidManifest.xml:158:13-75
	android:windowSoftInputMode
		ADDED from src/main/AndroidManifest.xml:160:13-67
	android:theme
		ADDED from src/main/AndroidManifest.xml:159:13-56
	android:name
		ADDED from src/main/AndroidManifest.xml:157:13-106
activity#com.fintech.ternaku.TernakPerah.Main.TambahData.Kesehatan.ProtocolKesehatan.AddProtokolKesehatan
ADDED from src/main/AndroidManifest.xml:161:9-165:70
	android:label
		ADDED from src/main/AndroidManifest.xml:163:13-74
	android:windowSoftInputMode
		ADDED from src/main/AndroidManifest.xml:165:13-67
	android:theme
		ADDED from src/main/AndroidManifest.xml:164:13-56
	android:name
		ADDED from src/main/AndroidManifest.xml:162:13-105
activity#com.fintech.ternaku.TernakPerah.Main.NavBar.ProduksiSusu.AddProduksiSusu
ADDED from src/main/AndroidManifest.xml:166:9-170:70
	android:label
		ADDED from src/main/AndroidManifest.xml:168:13-69
	android:windowSoftInputMode
		ADDED from src/main/AndroidManifest.xml:170:13-67
	android:theme
		ADDED from src/main/AndroidManifest.xml:169:13-56
	android:name
		ADDED from src/main/AndroidManifest.xml:167:13-81
activity#com.fintech.ternaku.TernakPerah.Main.Laporan.Keuangan.LaporanKeuangan
ADDED from src/main/AndroidManifest.xml:171:9-175:70
	android:label
		ADDED from src/main/AndroidManifest.xml:173:13-68
	android:windowSoftInputMode
		ADDED from src/main/AndroidManifest.xml:175:13-67
	android:theme
		ADDED from src/main/AndroidManifest.xml:174:13-56
	android:name
		ADDED from src/main/AndroidManifest.xml:172:13-78
activity#com.fintech.ternaku.TernakPerah.Main.NavBar.Peternak.AddPeternak
ADDED from src/main/AndroidManifest.xml:176:9-180:70
	android:label
		ADDED from src/main/AndroidManifest.xml:178:13-64
	android:windowSoftInputMode
		ADDED from src/main/AndroidManifest.xml:180:13-67
	android:theme
		ADDED from src/main/AndroidManifest.xml:179:13-56
	android:name
		ADDED from src/main/AndroidManifest.xml:177:13-73
activity#com.fintech.ternaku.TernakPerah.Main.NavBar.Ternak.InsertTernak
ADDED from src/main/AndroidManifest.xml:181:9-185:70
	android:label
		ADDED from src/main/AndroidManifest.xml:183:13-65
	android:windowSoftInputMode
		ADDED from src/main/AndroidManifest.xml:185:13-67
	android:theme
		ADDED from src/main/AndroidManifest.xml:184:13-56
	android:name
		ADDED from src/main/AndroidManifest.xml:182:13-72
activity#com.fintech.ternaku.TernakPerah.Main.TambahData.PindahTernak.AddKandang
ADDED from src/main/AndroidManifest.xml:186:9-190:70
	android:label
		ADDED from src/main/AndroidManifest.xml:188:13-63
	android:windowSoftInputMode
		ADDED from src/main/AndroidManifest.xml:190:13-67
	android:theme
		ADDED from src/main/AndroidManifest.xml:189:13-56
	android:name
		ADDED from src/main/AndroidManifest.xml:187:13-80
activity#com.fintech.ternaku.TernakPerah.Main.TambahData.PindahTernak.AddKawanan
ADDED from src/main/AndroidManifest.xml:191:9-195:70
	android:label
		ADDED from src/main/AndroidManifest.xml:193:13-63
	android:windowSoftInputMode
		ADDED from src/main/AndroidManifest.xml:195:13-67
	android:theme
		ADDED from src/main/AndroidManifest.xml:194:13-56
	android:name
		ADDED from src/main/AndroidManifest.xml:192:13-80
activity#com.fintech.ternaku.TernakPerah.Main.Pengingat.AddReminderActivity
ADDED from src/main/AndroidManifest.xml:196:9-200:70
	android:label
		ADDED from src/main/AndroidManifest.xml:198:13-41
	android:windowSoftInputMode
		ADDED from src/main/AndroidManifest.xml:200:13-67
	android:theme
		ADDED from src/main/AndroidManifest.xml:199:13-56
	android:name
		ADDED from src/main/AndroidManifest.xml:197:13-75
activity#com.fintech.ternaku.TernakPerah.Main.Pengingat.ViewReminderActivity
ADDED from src/main/AndroidManifest.xml:201:9-205:70
	android:label
		ADDED from src/main/AndroidManifest.xml:203:13-42
	android:windowSoftInputMode
		ADDED from src/main/AndroidManifest.xml:205:13-67
	android:theme
		ADDED from src/main/AndroidManifest.xml:204:13-56
	android:name
		ADDED from src/main/AndroidManifest.xml:202:13-76
activity#com.fintech.ternaku.Setting.SetPrefs
ADDED from src/main/AndroidManifest.xml:206:9-208:42
	android:label
		ADDED from src/main/AndroidManifest.xml:208:13-39
	android:name
		ADDED from src/main/AndroidManifest.xml:207:13-45
activity#com.fintech.ternaku.Setting.ChangePasswordActivity
ADDED from src/main/AndroidManifest.xml:209:9-213:70
	android:label
		ADDED from src/main/AndroidManifest.xml:211:13-43
	android:windowSoftInputMode
		ADDED from src/main/AndroidManifest.xml:213:13-67
	android:theme
		ADDED from src/main/AndroidManifest.xml:212:13-56
	android:name
		ADDED from src/main/AndroidManifest.xml:210:13-59
activity#com.fintech.ternaku.Setting.UpdatePeternakActivity
ADDED from src/main/AndroidManifest.xml:214:9-218:70
	android:label
		ADDED from src/main/AndroidManifest.xml:216:13-44
	android:windowSoftInputMode
		ADDED from src/main/AndroidManifest.xml:218:13-67
	android:theme
		ADDED from src/main/AndroidManifest.xml:217:13-56
	android:name
		ADDED from src/main/AndroidManifest.xml:215:13-59
activity#com.fintech.ternaku.Setting.UpdatePeternakanActivity
ADDED from src/main/AndroidManifest.xml:219:9-223:70
	android:label
		ADDED from src/main/AndroidManifest.xml:221:13-39
	android:windowSoftInputMode
		ADDED from src/main/AndroidManifest.xml:223:13-67
	android:theme
		ADDED from src/main/AndroidManifest.xml:222:13-56
	android:name
		ADDED from src/main/AndroidManifest.xml:220:13-61
activity#com.fintech.ternaku.TernakPerah.Main.Laporan.Keuangan.LaporanKeuanganGrafik
ADDED from src/main/AndroidManifest.xml:224:9-227:59
	android:label
		ADDED from src/main/AndroidManifest.xml:226:13-75
	android:theme
		ADDED from src/main/AndroidManifest.xml:227:13-56
	android:name
		ADDED from src/main/AndroidManifest.xml:225:13-84
activity#com.fintech.ternaku.TernakPerah.Main.NavBar.CalendarToDoList.CalendarToDoActivity
ADDED from src/main/AndroidManifest.xml:228:9-231:59
	android:label
		ADDED from src/main/AndroidManifest.xml:230:13-66
	android:theme
		ADDED from src/main/AndroidManifest.xml:231:13-56
	android:name
		ADDED from src/main/AndroidManifest.xml:229:13-90
activity#com.fintech.ternaku.TernakPerah.DetailTernak.Task.AddTaskTernak
ADDED from src/main/AndroidManifest.xml:232:9-235:59
	android:label
		ADDED from src/main/AndroidManifest.xml:234:13-67
	android:theme
		ADDED from src/main/AndroidManifest.xml:235:13-56
	android:name
		ADDED from src/main/AndroidManifest.xml:233:13-72
activity#com.fintech.ternaku.RequestTransactionActivity
ADDED from src/main/AndroidManifest.xml:236:9-239:59
	android:label
		ADDED from src/main/AndroidManifest.xml:238:13-47
	android:theme
		ADDED from src/main/AndroidManifest.xml:239:13-56
	android:name
		ADDED from src/main/AndroidManifest.xml:237:13-55
service#com.fintech.ternaku.TernakPerah.FCM.MyFirebaseMessagingService
ADDED from src/main/AndroidManifest.xml:241:9-245:19
	android:name
		ADDED from src/main/AndroidManifest.xml:241:18-76
intent-filter#com.google.firebase.MESSAGING_EVENT
ADDED from src/main/AndroidManifest.xml:242:13-244:29
action#com.google.firebase.MESSAGING_EVENT
ADDED from src/main/AndroidManifest.xml:243:17-78
	android:name
		ADDED from src/main/AndroidManifest.xml:243:25-75
service#com.fintech.ternaku.TernakPerah.FCM.MyFirebaseInstanceIDService
ADDED from src/main/AndroidManifest.xml:246:9-250:19
	android:name
		ADDED from src/main/AndroidManifest.xml:246:18-77
intent-filter#com.google.firebase.INSTANCE_ID_EVENT
ADDED from src/main/AndroidManifest.xml:247:13-249:29
action#com.google.firebase.INSTANCE_ID_EVENT
ADDED from src/main/AndroidManifest.xml:248:17-80
	android:name
		ADDED from src/main/AndroidManifest.xml:248:25-77
service#com.fintech.ternaku.TernakPerah.Main.Scheduler.AlarmService
ADDED from src/main/AndroidManifest.xml:251:9-254:39
	android:enabled
		ADDED from src/main/AndroidManifest.xml:253:13-35
	android:exported
		ADDED from src/main/AndroidManifest.xml:254:13-36
	android:name
		ADDED from src/main/AndroidManifest.xml:252:13-68
activity#com.fintech.ternaku.SplashscreenActivity
ADDED from src/main/AndroidManifest.xml:256:9-260:54
	android:label
		ADDED from src/main/AndroidManifest.xml:259:13-64
	android:configChanges
		ADDED from src/main/AndroidManifest.xml:258:13-74
	android:theme
		ADDED from src/main/AndroidManifest.xml:260:13-51
	android:name
		ADDED from src/main/AndroidManifest.xml:257:13-49
activity#com.fintech.ternaku.TernakPerah.Main.Scheduler.AddScheduleActivity
ADDED from src/main/AndroidManifest.xml:261:9-264:59
	android:label
		ADDED from src/main/AndroidManifest.xml:263:13-64
	android:theme
		ADDED from src/main/AndroidManifest.xml:264:13-56
	android:name
		ADDED from src/main/AndroidManifest.xml:262:13-75
receiver#com.fintech.ternaku.TernakPerah.Main.Scheduler.AlarmReceiver
ADDED from src/main/AndroidManifest.xml:266:9-78
	android:name
		ADDED from src/main/AndroidManifest.xml:266:19-75
activity#com.fintech.ternaku.Setting.BluetoothActivity
ADDED from src/main/AndroidManifest.xml:268:9-271:59
	android:label
		ADDED from src/main/AndroidManifest.xml:270:13-61
	android:theme
		ADDED from src/main/AndroidManifest.xml:271:13-56
	android:name
		ADDED from src/main/AndroidManifest.xml:269:13-54
activity#com.fintech.ternaku.Setting.BluetoothAct
ADDED from src/main/AndroidManifest.xml:272:9-275:59
	android:label
		ADDED from src/main/AndroidManifest.xml:274:13-61
	android:theme
		ADDED from src/main/AndroidManifest.xml:275:13-56
	android:name
		ADDED from src/main/AndroidManifest.xml:273:13-49
activity#com.fintech.ternaku.TernakPerah.Alarm.ShowAlarmActivity
ADDED from src/main/AndroidManifest.xml:276:9-279:59
	android:label
		ADDED from src/main/AndroidManifest.xml:278:13-62
	android:theme
		ADDED from src/main/AndroidManifest.xml:279:13-56
	android:name
		ADDED from src/main/AndroidManifest.xml:277:13-64
activity#com.fintech.ternaku.TernakPerah.Alarm.ShowCalendarActivity
ADDED from src/main/AndroidManifest.xml:280:9-283:59
	android:label
		ADDED from src/main/AndroidManifest.xml:282:13-65
	android:theme
		ADDED from src/main/AndroidManifest.xml:283:13-56
	android:name
		ADDED from src/main/AndroidManifest.xml:281:13-67
activity#com.fintech.ternaku.TernakPotong.SapiPotongAddKomposisiPakan
ADDED from src/main/AndroidManifest.xml:284:9-287:59
	android:label
		ADDED from src/main/AndroidManifest.xml:286:13-83
	android:theme
		ADDED from src/main/AndroidManifest.xml:287:13-56
	android:name
		ADDED from src/main/AndroidManifest.xml:285:13-69
activity#com.fintech.ternaku.TernakPotong.BeratBadanActivity
ADDED from src/main/AndroidManifest.xml:288:9-291:59
	android:label
		ADDED from src/main/AndroidManifest.xml:290:13-83
	android:theme
		ADDED from src/main/AndroidManifest.xml:291:13-56
	android:name
		ADDED from src/main/AndroidManifest.xml:289:13-60
activity#com.fintech.ternaku.TernakPotong.ADG.ViewADG
ADDED from src/main/AndroidManifest.xml:292:9-295:59
	android:label
		ADDED from src/main/AndroidManifest.xml:294:13-60
	android:theme
		ADDED from src/main/AndroidManifest.xml:295:13-56
	android:name
		ADDED from src/main/AndroidManifest.xml:293:13-53
activity#com.fintech.ternaku.TernakPotong.KompisisiPakan.KomposisiPakanActivity
ADDED from src/main/AndroidManifest.xml:296:9-299:59
	android:label
		ADDED from src/main/AndroidManifest.xml:298:13-67
	android:theme
		ADDED from src/main/AndroidManifest.xml:299:13-56
	android:name
		ADDED from src/main/AndroidManifest.xml:297:13-79
activity#com.fintech.ternaku.TernakPotong.AddPakan.AddPakanPedaging
ADDED from src/main/AndroidManifest.xml:300:9-303:59
	android:label
		ADDED from src/main/AndroidManifest.xml:302:13-70
	android:theme
		ADDED from src/main/AndroidManifest.xml:303:13-56